<?xml version="1.0" encoding="UTF-8"?>
<testsuite name="com.example.nit3213app.DashboardViewModelTest" tests="2" skipped="0" failures="0" errors="0" timestamp="2025-09-14T14:04:25" hostname="DESKTOP-B4P7RFE" time="0.687">
  <properties/>
  <testcase name="loadEntities with valid keypass should return success" classname="com.example.nit3213app.DashboardViewModelTest" time="0.679"/>
  <testcase name="loadEntities with invalid keypass should return error" classname="com.example.nit3213app.DashboardViewModelTest" time="0.006"/>
  <system-out><![CDATA[]]></system-out>
  <system-err><![CDATA[WARNING: A Java agent has been loaded dynamically (C:\Users\Mossaffa\.gradle\caches\8.9\transforms\017105af1b5da084633ecb1982966f05\transformed\jetified-byte-buddy-agent-1.14.8.jar)
WARNING: If a serviceability tool is in use, please run with -XX:+EnableDynamicAgentLoading to hide this warning
WARNING: If a serviceability tool is not in use, please run with -Djdk.instrument.traceUsage for more information
WARNING: Dynamic loading of agents will be disallowed by default in a future release
]]></system-err>
</testsuite>
